==== Job started on gpunode27 at Tue Jun  2 15:24:00 CEST 2026 ====
SLURM_JOB_ID: 10140913
SLURM_ARRAY_TASK_ID: 2
SUBJECT_ID: 3
PROJECT_DIR: /home/rothermm/resting_prediction
CONDA_ENV: resting-prediction
CONFIG_PATH: config.yaml
Activated Conda environment: /home/rothermm/.conda/envs/resting-prediction/bin/python
/mnt/nfs/home/rothermm/resting_prediction/src/data/prepare_task_data.py:31: DeprecationWarning: Please import `mat_struct` from the `scipy.io.matlab` namespace; the `scipy.io.matlab.mio5_params` namespace is deprecated and will be removed in SciPy 2.0.0.
  if isinstance(d[key], spio.matlab.mio5_params.mat_struct):
pixdim[0] (qfac) should be 1 (default) or -1; setting qfac to 1
INFO:nibabel.global:pixdim[0] (qfac) should be 1 (default) or -1; setting qfac to 1
INFO:__main__:Subject 3: 15226 voxels in analysis mask (mode=nsdgeneral)
INFO:__main__:Discovered 32 sessions in /scratch_shared/rothermm/brain-diffuser/data/nsddata_betas/ppdata/subj03/func1pt8mm/betas_fithrf_GLMdenoise_RR/
INFO:__main__:Subject 3: 8481 train stimuli, 930 test stimuli
pixdim[0] (qfac) should be 1 (default) or -1; setting qfac to 1
INFO:nibabel.global:pixdim[0] (qfac) should be 1 (default) or -1; setting qfac to 1
INFO:__main__:  Loaded session 1/32
pixdim[0] (qfac) should be 1 (default) or -1; setting qfac to 1
INFO:nibabel.global:pixdim[0] (qfac) should be 1 (default) or -1; setting qfac to 1
INFO:__main__:  Loaded session 2/32
pixdim[0] (qfac) should be 1 (default) or -1; setting qfac to 1
INFO:nibabel.global:pixdim[0] (qfac) should be 1 (default) or -1; setting qfac to 1
INFO:__main__:  Loaded session 3/32
pixdim[0] (qfac) should be 1 (default) or -1; setting qfac to 1
INFO:nibabel.global:pixdim[0] (qfac) should be 1 (default) or -1; setting qfac to 1
INFO:__main__:  Loaded session 4/32
pixdim[0] (qfac) should be 1 (default) or -1; setting qfac to 1
INFO:nibabel.global:pixdim[0] (qfac) should be 1 (default) or -1; setting qfac to 1
INFO:__main__:  Loaded session 5/32
pixdim[0] (qfac) should be 1 (default) or -1; setting qfac to 1
INFO:nibabel.global:pixdim[0] (qfac) should be 1 (default) or -1; setting qfac to 1
INFO:__main__:  Loaded session 6/32
pixdim[0] (qfac) should be 1 (default) or -1; setting qfac to 1
INFO:nibabel.global:pixdim[0] (qfac) should be 1 (default) or -1; setting qfac to 1
INFO:__main__:  Loaded session 7/32
pixdim[0] (qfac) should be 1 (default) or -1; setting qfac to 1
INFO:nibabel.global:pixdim[0] (qfac) should be 1 (default) or -1; setting qfac to 1
INFO:__main__:  Loaded session 8/32
pixdim[0] (qfac) should be 1 (default) or -1; setting qfac to 1
INFO:nibabel.global:pixdim[0] (qfac) should be 1 (default) or -1; setting qfac to 1
INFO:__main__:  Loaded session 9/32
pixdim[0] (qfac) should be 1 (default) or -1; setting qfac to 1
INFO:nibabel.global:pixdim[0] (qfac) should be 1 (default) or -1; setting qfac to 1
INFO:__main__:  Loaded session 10/32
pixdim[0] (qfac) should be 1 (default) or -1; setting qfac to 1
INFO:nibabel.global:pixdim[0] (qfac) should be 1 (default) or -1; setting qfac to 1
INFO:__main__:  Loaded session 11/32
pixdim[0] (qfac) should be 1 (default) or -1; setting qfac to 1
INFO:nibabel.global:pixdim[0] (qfac) should be 1 (default) or -1; setting qfac to 1
INFO:__main__:  Loaded session 12/32
pixdim[0] (qfac) should be 1 (default) or -1; setting qfac to 1
INFO:nibabel.global:pixdim[0] (qfac) should be 1 (default) or -1; setting qfac to 1
INFO:__main__:  Loaded session 13/32
pixdim[0] (qfac) should be 1 (default) or -1; setting qfac to 1
INFO:nibabel.global:pixdim[0] (qfac) should be 1 (default) or -1; setting qfac to 1
INFO:__main__:  Loaded session 14/32
pixdim[0] (qfac) should be 1 (default) or -1; setting qfac to 1
INFO:nibabel.global:pixdim[0] (qfac) should be 1 (default) or -1; setting qfac to 1
INFO:__main__:  Loaded session 15/32
pixdim[0] (qfac) should be 1 (default) or -1; setting qfac to 1
INFO:nibabel.global:pixdim[0] (qfac) should be 1 (default) or -1; setting qfac to 1
INFO:__main__:  Loaded session 16/32
pixdim[0] (qfac) should be 1 (default) or -1; setting qfac to 1
INFO:nibabel.global:pixdim[0] (qfac) should be 1 (default) or -1; setting qfac to 1
INFO:__main__:  Loaded session 17/32
pixdim[0] (qfac) should be 1 (default) or -1; setting qfac to 1
INFO:nibabel.global:pixdim[0] (qfac) should be 1 (default) or -1; setting qfac to 1
INFO:__main__:  Loaded session 18/32
pixdim[0] (qfac) should be 1 (default) or -1; setting qfac to 1
INFO:nibabel.global:pixdim[0] (qfac) should be 1 (default) or -1; setting qfac to 1
INFO:__main__:  Loaded session 19/32
pixdim[0] (qfac) should be 1 (default) or -1; setting qfac to 1
INFO:nibabel.global:pixdim[0] (qfac) should be 1 (default) or -1; setting qfac to 1
INFO:__main__:  Loaded session 20/32
pixdim[0] (qfac) should be 1 (default) or -1; setting qfac to 1
INFO:nibabel.global:pixdim[0] (qfac) should be 1 (default) or -1; setting qfac to 1
INFO:__main__:  Loaded session 21/32
pixdim[0] (qfac) should be 1 (default) or -1; setting qfac to 1
INFO:nibabel.global:pixdim[0] (qfac) should be 1 (default) or -1; setting qfac to 1
INFO:__main__:  Loaded session 22/32
pixdim[0] (qfac) should be 1 (default) or -1; setting qfac to 1
INFO:nibabel.global:pixdim[0] (qfac) should be 1 (default) or -1; setting qfac to 1
INFO:__main__:  Loaded session 23/32
pixdim[0] (qfac) should be 1 (default) or -1; setting qfac to 1
INFO:nibabel.global:pixdim[0] (qfac) should be 1 (default) or -1; setting qfac to 1
INFO:__main__:  Loaded session 24/32
pixdim[0] (qfac) should be 1 (default) or -1; setting qfac to 1
INFO:nibabel.global:pixdim[0] (qfac) should be 1 (default) or -1; setting qfac to 1
INFO:__main__:  Loaded session 25/32
pixdim[0] (qfac) should be 1 (default) or -1; setting qfac to 1
INFO:nibabel.global:pixdim[0] (qfac) should be 1 (default) or -1; setting qfac to 1
INFO:__main__:  Loaded session 26/32
pixdim[0] (qfac) should be 1 (default) or -1; setting qfac to 1
INFO:nibabel.global:pixdim[0] (qfac) should be 1 (default) or -1; setting qfac to 1
INFO:__main__:  Loaded session 27/32
pixdim[0] (qfac) should be 1 (default) or -1; setting qfac to 1
INFO:nibabel.global:pixdim[0] (qfac) should be 1 (default) or -1; setting qfac to 1
INFO:__main__:  Loaded session 28/32
pixdim[0] (qfac) should be 1 (default) or -1; setting qfac to 1
INFO:nibabel.global:pixdim[0] (qfac) should be 1 (default) or -1; setting qfac to 1
INFO:__main__:  Loaded session 29/32
pixdim[0] (qfac) should be 1 (default) or -1; setting qfac to 1
INFO:nibabel.global:pixdim[0] (qfac) should be 1 (default) or -1; setting qfac to 1
INFO:__main__:  Loaded session 30/32
pixdim[0] (qfac) should be 1 (default) or -1; setting qfac to 1
INFO:nibabel.global:pixdim[0] (qfac) should be 1 (default) or -1; setting qfac to 1
INFO:__main__:  Loaded session 31/32
pixdim[0] (qfac) should be 1 (default) or -1; setting qfac to 1
INFO:nibabel.global:pixdim[0] (qfac) should be 1 (default) or -1; setting qfac to 1
INFO:__main__:  Loaded session 32/32
INFO:__main__:Subject 3: saved to processed_data/subj03
INFO:__main__:  train_fmri: (8481, 15226), test_fmri: (930, 15226)
INFO:__main__:  test_fmri_trials: (2371, 15226)
==== Job finished at Tue Jun  2 15:28:59 CEST 2026 with exit code 0 ====
