==== Job started on gpunode33 at Wed Jun  3 20:48:30 CEST 2026 ====
SLURM_JOB_ID: 10140909
PROJECT_DIR: /home/rothermm/resting_prediction
CONDA_ENV: resting-prediction
DATA_ROOT: processed_data
PREDICTION_DIR: outputs/predictions
ABLATION_DIR: outputs/ablations/fewshot
VIS_OUTPUT_DIR: outputs/visualizations/prediction_maps
TEST_SUBJECT: 7
N_EXAMPLES: 12
EXAMPLE_MODE: top
EXAMPLE_SEED: 42
FEWSHOT_N_SHOTS: <auto>
FEWSHOT_SEED: <auto>
Activated Conda environment: /home/rothermm/.conda/envs/resting-prediction/bin/python
2026-06-03 20:48:31,567 __main__ INFO Best few-shot N from summary: 750
2026-06-03 20:48:31,582 __main__ INFO Selected few-shot run: N=750 seed=42 median_r=0.1813 (outputs/ablations/fewshot/fewshot_sub7_N750_seed42_metrics.json)
2026-06-03 20:48:31,582 __main__ INFO Using zero-shot prediction: outputs/predictions/zeroshot_sub7_pred.npy
2026-06-03 20:48:38,167 __main__ INFO Saved 12 figures to outputs/visualizations/prediction_maps
2026-06-03 20:48:38,167 __main__ INFO Manifest: outputs/visualizations/prediction_maps/manifest.csv
==== Job finished at Wed Jun  3 20:48:38 CEST 2026 with exit code 0 ====
